<?xml version="1.0" encoding="UTF-8"?>
<!-- Generated by org.testng.reporters.JUnitXMLReporter -->
<testsuite ignored="0" hostname="LAMU02FN5ZCMD6R.uhc.com." failures="0" tests="5" name="Command line test" time="7.818" errors="0" timestamp="21 Jul 2022 10:42:14 GMT">
  <testcase classname="com.qa.tests.ValidateDataTest" name="JSONSchemaValidation" time="0.372"/>
  <testcase classname="com.qa.tests.ValidateDataTest" name="validateAttributeType" time="0.078"/>
  <testcase classname="com.qa.tests.ValidateDataTest" name="validateCoronaCaseForGivenDate" time="0.499"/>
  <testcase classname="com.qa.tests.CoronaVirusDataTest" name="validateStatusCodeTest" time="0.0"/>
  <testcase classname="com.qa.tests.CoronaVirusDataTest" name="dayWiseDataCoronaVirus" time="0.483"/>
</testsuite> <!-- Command line test -->
