<?xml version="1.0" encoding="UTF-8"?>
<!-- Generated by org.testng.reporters.JUnitXMLReporter -->
<testsuite ignored="0" hostname="test" failures="0" tests="5" name="Command line test" time="3.26" errors="0" timestamp="21 Jul 2022 13:25:09 GMT">
  <testcase classname="com.qa.tests.ValidateDataTest" name="JSONSchemaValidation" time="0.36"/>
  <testcase classname="com.qa.tests.ValidateDataTest" name="validateAreaNameForUnitedKingdom" time="0.098"/>
  <testcase classname="com.qa.tests.ValidateDataTest" name="validateCoronaCaseForGivenDate" time="0.52"/>
  <testcase classname="com.qa.tests.CoronaVirusDataTest" name="validateStatusCodeTest" time="0.0"/>
  <testcase classname="com.qa.tests.CoronaVirusDataTest" name="dayWiseDataCoronaVirus" time="0.574"/>
</testsuite> <!-- Command line test -->
